{"/workspaces/slackQSBot/src/github/commitData.ts": {"path":"/workspaces/slackQSBot/src/github/commitData.ts","statementMap":{"0":{"start":{"line":5,"column":29},"end":{"line":20,"column":1}},"1":{"start":{"line":9,"column":2},"end":{"line":18,"column":null}},"2":{"start":{"line":10,"column":27},"end":{"line":10,"column":50}},"3":{"start":{"line":11,"column":4},"end":{"line":17,"column":null}},"4":{"start":{"line":12,"column":6},"end":{"line":16,"column":8}},"5":{"start":{"line":19,"column":2},"end":{"line":19,"column":19}},"6":{"start":{"line":5,"column":13},"end":{"line":5,"column":29}}},"fnMap":{"0":{"name":"(anonymous_0)","decl":{"start":{"line":5,"column":29},"end":{"line":5,"column":34}},"loc":{"start":{"line":8,"column":37},"end":{"line":20,"column":1}}}},"branchMap":{"0":{"loc":{"start":{"line":9,"column":2},"end":{"line":18,"column":null}},"type":"if","locations":[{"start":{"line":9,"column":2},"end":{"line":18,"column":null}}]},"1":{"loc":{"start":{"line":11,"column":4},"end":{"line":17,"column":null}},"type":"if","locations":[{"start":{"line":11,"column":4},"end":{"line":17,"column":null}}]}},"s":{"0":1,"1":2,"2":1,"3":1,"4":1,"5":1,"6":1},"f":{"0":2},"b":{"0":[1],"1":[1]}}
,"/workspaces/slackQSBot/src/slack/channels.ts": {"path":"/workspaces/slackQSBot/src/slack/channels.ts","statementMap":{"0":{"start":{"line":8,"column":20},"end":{"line":19,"column":1}},"1":{"start":{"line":13,"column":19},"end":{"line":13,"column":52}},"2":{"start":{"line":14,"column":2},"end":{"line":18,"column":4}},"3":{"start":{"line":63,"column":21},"end":{"line":63,"column":32}},"4":{"start":{"line":21,"column":19},"end":{"line":36,"column":1}},"5":{"start":{"line":25,"column":23},"end":{"line":26,"column":null}},"6":{"start":{"line":26,"column":17},"end":{"line":26,"column":50}},"7":{"start":{"line":28,"column":2},"end":{"line":30,"column":null}},"8":{"start":{"line":29,"column":4},"end":{"line":29,"column":53}},"9":{"start":{"line":32,"column":2},"end":{"line":34,"column":null}},"10":{"start":{"line":33,"column":4},"end":{"line":33,"column":80}},"11":{"start":{"line":35,"column":2},"end":{"line":35,"column":25}},"12":{"start":{"line":63,"column":9},"end":{"line":63,"column":19}},"13":{"start":{"line":38,"column":22},"end":{"line":61,"column":1}},"14":{"start":{"line":46,"column":22},"end":{"line":49,"column":4}},"15":{"start":{"line":51,"column":19},"end":{"line":54,"column":null}},"16":{"start":{"line":57,"column":2},"end":{"line":60,"column":4}},"17":{"start":{"line":63,"column":34},"end":{"line":63,"column":47}}},"fnMap":{"0":{"name":"(anonymous_0)","decl":{"start":{"line":8,"column":20},"end":{"line":8,"column":25}},"loc":{"start":{"line":12,"column":34},"end":{"line":19,"column":1}}},"1":{"name":"(anonymous_1)","decl":{"start":{"line":21,"column":19},"end":{"line":21,"column":24}},"loc":{"start":{"line":24,"column":22},"end":{"line":36,"column":1}}},"2":{"name":"(anonymous_2)","decl":{"start":{"line":26,"column":4},"end":{"line":26,"column":5}},"loc":{"start":{"line":26,"column":17},"end":{"line":26,"column":50}}},"3":{"name":"(anonymous_3)","decl":{"start":{"line":38,"column":22},"end":{"line":38,"column":27}},"loc":{"start":{"line":45,"column":4},"end":{"line":61,"column":1}}}},"branchMap":{"0":{"loc":{"start":{"line":28,"column":2},"end":{"line":30,"column":null}},"type":"if","locations":[{"start":{"line":28,"column":2},"end":{"line":30,"column":null}}]},"1":{"loc":{"start":{"line":32,"column":2},"end":{"line":34,"column":null}},"type":"if","locations":[{"start":{"line":32,"column":2},"end":{"line":34,"column":null}}]}},"s":{"0":3,"1":1,"2":1,"3":3,"4":3,"5":3,"6":9,"7":3,"8":1,"9":2,"10":1,"11":1,"12":3,"13":3,"14":1,"15":1,"16":1,"17":3},"f":{"0":1,"1":3,"2":9,"3":1},"b":{"0":[1],"1":[1]}}
}
