TN:
SF:src/github/commitData.ts
FN:5,(anonymous_0)
FNF:1
FNH:1
FNDA:2,(anonymous_0)
DA:5,1
DA:9,2
DA:10,1
DA:11,1
DA:12,1
DA:19,1
LF:6
LH:6
BRDA:9,0,0,1
BRDA:11,1,0,1
BRF:2
BRH:2
end_of_record
TN:
SF:src/slack/channels.ts
FN:8,(anonymous_0)
FN:21,(anonymous_1)
FN:26,(anonymous_2)
FN:38,(anonymous_3)
FNF:4
FNH:4
FNDA:1,(anonymous_0)
FNDA:3,(anonymous_1)
FNDA:9,(anonymous_2)
FNDA:1,(anonymous_3)
DA:8,3
DA:13,1
DA:14,1
DA:21,3
DA:25,3
DA:26,9
DA:28,3
DA:29,1
DA:32,2
DA:33,1
DA:35,1
DA:38,3
DA:46,1
DA:51,1
DA:57,1
DA:63,3
LF:16
LH:16
BRDA:28,0,0,1
BRDA:32,1,0,1
BRF:2
BRH:2
end_of_record
